2016-02-05 17:08:02 [INFO]: atm_admin启动
2016-02-05 17:08:48 [INFO]: atm_admin启动
2016-02-05 17:12:57 [INFO]: atm_admin启动
2016-02-05 17:35:43 [INFO]: atm_admin启动
2016-02-10 10:31:55 [INFO]: atm_admin启动
2016-02-10 10:41:13 [INFO]: atm_admin启动
2016-02-10 10:59:24 [INFO]: atm_admin启动
2016-02-10 11:03:55 [INFO]: atm_admin启动
2016-02-10 11:09:17 [INFO]: atm_admin启动
2016-02-10 11:12:22 [INFO]: atm_admin启动
2016-02-10 11:15:47 [INFO]: atm_admin启动
2016-02-10 11:16:57 [INFO]: atm_admin启动
2016-02-10 11:40:52 [INFO]: atm_admin启动
2016-02-10 11:42:09 [INFO]: atm_admin启动
2016-02-10 11:43:00 [INFO]: atm_admin启动
2016-02-10 11:44:16 [INFO]: atm_admin冻结账户：123456789，修改成功
2016-02-10 12:02:16 [INFO]: atm_main：%s登录用户
2016-02-10 12:03:19 [INFO]: atm_main：%s登录用户
2016-02-10 12:03:48 [INFO]: atm_main：%s登录用户
2016-02-10 12:06:04 [INFO]: atm_main：123456780登录用户
2016-02-10 17:30:39 [INFO]: atm_admin启动
2016-02-10 17:37:11 [INFO]: atm_main：123456780登录用户
2016-02-10 17:40:21 [INFO]: atm_admin启动
2016-02-10 17:40:37 [INFO]: atm_main：123456789登录用户
2016-02-10 19:05:10 [INFO]: atm_admin启动
2016-02-10 19:06:05 [INFO]: atm_admin添加账户：123456780，创建用户成功
2016-02-10 19:06:46 [INFO]: atm_admin添加账户：123456789，创建用户成功
2016-02-10 19:10:38 [INFO]: atm_main：123456780登录用户
2016-02-10 19:10:49 [INFO]: atm_main：123456780提现200，提现成功
2016-02-10 19:11:44 [INFO]: atm_main：123456780转账123456789：200，转账成功
2016-02-10 19:12:16 [INFO]: atm_main：123456780还款100，还款成功
2016-02-10 23:32:55 [INFO]: atm_main：123456780登录用户
2016-02-10 23:34:05 [INFO]: atm_main：123456780登录用户
2016-02-10 23:39:14 [INFO]: atm_main：123456780登录用户
2016-02-10 23:39:38 [INFO]: atm_main：123456789登录用户
2016-02-10 23:41:00 [INFO]: atm_main：123456780登录用户
2016-02-10 23:41:34 [INFO]: atm_main：123456789登录用户
2016-02-11 00:20:36 [INFO]: atm_main：123456780登录用户
2016-02-11 00:37:39 [INFO]: atm_main：123456780登录用户
2016-02-11 00:40:19 [INFO]: atm_main：123456780登录用户
2016-02-11 00:40:44 [INFO]: atm_main：123456789登录用户
2016-02-11 00:41:28 [INFO]: atm_main：123456780登录用户
2016-02-11 00:43:21 [INFO]: atm_main：123456789登录用户
2016-02-11 00:54:44 [INFO]: atm_main：123456780登录用户
2016-02-11 00:57:53 [INFO]: atm_main：123456780登录用户
2016-02-11 00:58:46 [INFO]: atm_main：123456780转账123456789：100，转账成功
2016-02-11 13:06:11 [INFO]: atm_admin启动
2016-02-11 13:08:48 [INFO]: atm_admin启动
2016-02-11 13:10:15 [INFO]: atm_admin启动
2016-02-11 13:10:42 [INFO]: atm_admin添加账户：123456780，创建用户成功
2016-02-11 13:11:16 [INFO]: atm_admin启动
2016-02-11 13:12:00 [INFO]: atm_admin启动
2016-02-11 17:11:02 [INFO]: atm_main：123456780登录用户
2016-02-11 17:11:41 [INFO]: atm_admin启动
2016-02-11 17:12:10 [INFO]: atm_admin启动
2016-02-11 17:13:05 [INFO]: atm_admin添加账户：123456781，创建用户成功
2016-02-11 17:14:06 [INFO]: atm_admin添加账户：123456789，创建用户成功
2016-02-11 17:15:30 [INFO]: atm_admin启动
2016-02-11 17:16:09 [INFO]: atm_admin启动
2016-02-13 11:06:28 [INFO]: atm_main：123456780登录用户
2016-02-13 11:18:47 [INFO]: atm_main：123456780登录用户
2016-02-13 11:21:26 [INFO]: atm_main：123456780登录用户
2016-02-13 11:24:36 [INFO]: atm_main：123456780登录用户
2016-02-13 11:27:05 [INFO]: atm_main：123456780登录用户
2016-02-13 11:27:08 [INFO]: atm_main：123456780查看详细信息
2016-02-13 21:11:06 [INFO]: atm_main：123456780登录用户
2016-02-13 21:17:52 [INFO]: atm_main：123456780登录用户
2016-02-13 21:18:12 [INFO]: atm_main：123456780查看账单
2016-02-13 21:21:06 [INFO]: atm_main：123456780提现100，提现成功
2016-02-13 21:22:42 [INFO]: atm_main：123456780登录用户
2016-02-13 21:22:55 [INFO]: atm_main：123456780提现100，提现成功
2016-02-13 21:25:24 [INFO]: atm_main：123456780还款200，还款成功
2016-02-13 21:28:28 [INFO]: atm_main：123456780转账123456789：100，转账成功
2016-02-13 21:34:05 [INFO]: atm_main：123456780修改密码，修改成功
